<?xml version="1.0" encoding="UTF-8"?>
<coverage generated="1685419215900" clover="3.2.0">
  <project timestamp="1685419215900" name="All files">
    <metrics statements="6" coveredstatements="6" conditionals="4" coveredconditionals="3" methods="3" coveredmethods="3" elements="13" coveredelements="12" complexity="0" loc="6" ncloc="6" packages="1" files="1" classes="1"/>
    <file name="script.js" path="/Users/mdc/IdeaProjects/javascript-simplified-advanced/js/jest/script.js">
      <metrics statements="6" coveredstatements="6" conditionals="4" coveredconditionals="3" methods="3" coveredmethods="3"/>
      <line num="2" count="1" type="stmt"/>
      <line num="6" count="1" type="cond" truecount="1" falsecount="1"/>
      <line num="8" count="1" type="stmt"/>
      <line num="9" count="4" type="cond" truecount="2" falsecount="0"/>
      <line num="10" count="1" type="stmt"/>
      <line num="14" count="1" type="stmt"/>
    </file>
  </project>
</coverage>
