{"/Users/mdc/IdeaProjects/javascript-simplified-advanced/js/jest/script.js": {"path":"/Users/mdc/IdeaProjects/javascript-simplified-advanced/js/jest/script.js","statementMap":{"0":{"start":{"line":2,"column":4},"end":{"line":2,"column":17}},"1":{"start":{"line":6,"column":4},"end":{"line":6,"column":40}},"2":{"start":{"line":6,"column":28},"end":{"line":6,"column":40}},"3":{"start":{"line":8,"column":4},"end":{"line":11,"column":17}},"4":{"start":{"line":9,"column":8},"end":{"line":9,"column":44}},"5":{"start":{"line":9,"column":30},"end":{"line":9,"column":44}},"6":{"start":{"line":10,"column":8},"end":{"line":10,"column":23}},"7":{"start":{"line":14,"column":0},"end":{"line":17,"column":1}}},"fnMap":{"0":{"name":"sum","decl":{"start":{"line":1,"column":9},"end":{"line":1,"column":12}},"loc":{"start":{"line":1,"column":19},"end":{"line":3,"column":1}},"line":1},"1":{"name":"getLargest","decl":{"start":{"line":5,"column":9},"end":{"line":5,"column":19}},"loc":{"start":{"line":5,"column":27},"end":{"line":12,"column":1}},"line":5},"2":{"name":"(anonymous_2)","decl":{"start":{"line":8,"column":24},"end":{"line":8,"column":25}},"loc":{"start":{"line":8,"column":45},"end":{"line":11,"column":5}},"line":8}},"branchMap":{"0":{"loc":{"start":{"line":6,"column":4},"end":{"line":6,"column":40}},"type":"if","locations":[{"start":{"line":6,"column":4},"end":{"line":6,"column":40}},{"start":{},"end":{}}],"line":6},"1":{"loc":{"start":{"line":9,"column":8},"end":{"line":9,"column":44}},"type":"if","locations":[{"start":{"line":9,"column":8},"end":{"line":9,"column":44}},{"start":{},"end":{}}],"line":9}},"s":{"0":1,"1":1,"2":0,"3":1,"4":4,"5":3,"6":1,"7":1},"f":{"0":1,"1":1,"2":4},"b":{"0":[0,1],"1":[3,1]},"_coverageSchema":"1a1c01bbd47fc00a2c39e90264f33305004495a9","hash":"ae0692eea35ccd11120ba89a6244b9ee5f8112f5"}
}
